<?xml version="1.0" encoding="UTF-8"?>
<testsuite xmlns:xsi="http://www.w3.org/2001/XMLSchema-instance" xsi:noNamespaceSchemaLocation="https://maven.apache.org/surefire/maven-surefire-plugin/xsd/surefire-test-report-3.0.xsd" version="3.0" name="training.maven.quick.AppTest" time="0.839" tests="4" errors="0" skipped="0" failures="0">
  <properties>
[...]
</properties>
  <testcase name="multiplication_should_multiply_two_numbers" classname="training.maven.quick.AppTest" time="0.017"/>
  <testcase name="addition_should_add_two_numbers" classname="training.maven.quick.AppTest" time="0.0"/>
  <testcase name="division_should_divide_first_number_with_the_second" classname="training.maven.quick.AppTest" time="0.003"/>
  <testcase name="subtraction_should_subtract_second_number_from_first_number" classname="training.maven.quick.AppTest" time="0.002"/>
</testsuite>